LISTING FILE
0000          Day: SET 30 
0000          Month: SET 3 
0000          Year: SET 1990 
0000 00000300 ldc Month 
0001 00000300 ldc 3 
0002 00000007 sub 
0003 00001810 brlz adjust 
0004 00000300 ldc Month 
0005 FFFFFF03 stl -1 
0006 0007C600 ldc Year 
0007 FFFFFE03 stl -2 
0008 00000300 ldc Month 
0009 00000101 adc 1 
000A FFFFFA03 stl -6 
000B 00001911 br findK 
000C 00001E00 sum: ldc Day 
000D FFFFF802 ldl -8 
000E 00000006 add 
000F FFFFF502 ldl -11 
0010 00000006 add 
0011 FFFFF702 ldl -9 
0012 00000006 add 
0013 FFFFFB02 ldl -5 
0014 00000007 sub 
0015 00000003 stl 0 
0016 00000002 hloop: ldl 0 
0017 FFFFF901 adc -7 
0018 00000210 brlz 2 
0019 00000003 stl 0 
001A FFFFFB11 br hloop 
001B 00000012 HALT 
001C 00000300 adjust: ldc Month 
001D 00000C01 adc 12 
001E FFFFFF03 stl -1 
001F 0007C600 ldc Year 
0020 FFFFFF01 adc -1 
0021 FFFFFE03 stl -2 
0022 00000300 ldc Month 
0023 00000D01 adc 13 
0024 FFFFFA03 stl -6 
0025 FFFFFE02 findK: ldl -2 
0026 FFFFFD03 stl -3 
0027 FFFFFD02 ldl -3 
0028 FFFF9C01 Kloop: adc -100 
0029 00000210 brlz FindJ 
002A FFFFFD03 stl -3 
002B FFFFFC11 br Kloop 
002C FFFFFE02 FindJ: ldl -2 
002D FFFFFD02 ldl -3 
002E 00000007 sub 
002F FFFF9C01 Jloop: adc -100 
0030 0000040F brz Find2J 
0031 FFFFFC02 ldl -4 
0032 00000101 adc 1 
0033 FFFFFC03 stl -4 
0034 FFFFFA11 br Jloop 
0035 FFFFFC02 Find2J: ldl -4 
0036 FFFFFC02 ldl -4 
0037 00000006 add 
0038 FFFFFB03 stl -5 
0039 00000011 br divide1 
003A FFFFFC02 divide1: ldl -4 
003B FFFFFC01 dloop1: adc D1 
003C 00000510 brlz multi1 
003D 0000040F brz multi1 
003E FFFFF702 ldl -9 
003F 00000101 adc 1 
0040 FFFFF703 stl -9 
0041 FFFFF911 br dloop1 
0042          M1: SET 26 
0042          M2: SET 5 
0042          D1: SET -4 
0042          D2: SET -10 
0042 FFFFFA02 multi1: ldl -6 
0043 FFFFFF01 adc -1 
0044 FFFF9C03 stl -100 
0045 00001A00 ldc M1 
0046 FFFFF903 stl -7 
0047 FFFF9C02 mloop1: ldl -100 
0048 0000080F brz divide2 
0049 FFFFF902 ldl -7 
004A 00001A00 ldc M1 
004B 00000006 add 
004C FFFFF903 stl -7 
004D FFFF9C02 ldl -100 
004E FFFFFF01 adc -1 
004F FFFF9C03 stl -100 
0050 FFFFF611 br mloop1 
0051 FFFFF902 divide2: ldl -7 
0052 FFFFF601 dloop2: adc D2 
0053 00000510 brlz multi2 
0054 0000040F brz multi2 
0055 FFFFF802 ldl -8 
0056 00000101 adc 1 
0057 FFFFF803 stl -8 
0058 FFFFF911 br dloop2 
0059 FFFFFD02 multi2: ldl -3 
005A FFFFFF01 adc -1 
005B FFFF9C03 stl -100 
005C 00001A00 ldc M1 
005D FFFFF603 stl -10 
005E FFFF9C02 mloop2: ldl -100 
005F 0000080F brz divide3 
0060 FFFFF602 ldl -10 
0061 00000500 ldc M2 
0062 00000006 add 
0063 FFFFF603 stl -10 
0064 FFFF9C02 ldl -100 
0065 FFFFFF01 adc -1 
0066 FFFF9C03 stl -100 
0067 FFFFF611 br mloop2 
0068 FFFFF602 divide3: ldl -10 
0069 FFFFFC01 dloop3: adc D1 
006A FFFFA110 brlz sum 
006B FFFFA00F brz sum 
006C FFFFF502 ldl -11 
006D 00000101 adc 1 
006E FFFFF503 stl -11 
006F FFFFF911 br dloop3 
LISTING FILE END
